<?xml version="1.0" encoding="UTF-8"?>
<coverage generated="1559836588587" clover="3.2.0">
  <project timestamp="1559836588587" name="All files">
    <metrics statements="113" coveredstatements="69" conditionals="40" coveredconditionals="28" methods="34" coveredmethods="16" elements="187" coveredelements="113" complexity="0" loc="113" ncloc="113" packages="1" files="4" classes="4"/>
    <file name="Display.js" path="/Users/aronesusau/Desktop/Zendesk-Coding-Challange/src/modules/Display.js">
      <metrics statements="48" coveredstatements="4" conditionals="12" coveredconditionals="1" methods="18" coveredmethods="0"/>
      <line num="2" count="1" type="stmt"/>
      <line num="3" count="1" type="stmt"/>
      <line num="5" count="1" type="cond" truecount="1" falsecount="1"/>
      <line num="12" count="0" type="stmt"/>
      <line num="13" count="0" type="stmt"/>
      <line num="14" count="0" type="stmt"/>
      <line num="15" count="0" type="stmt"/>
      <line num="17" count="0" type="stmt"/>
      <line num="18" count="0" type="stmt"/>
      <line num="19" count="0" type="stmt"/>
      <line num="20" count="0" type="stmt"/>
      <line num="21" count="0" type="stmt"/>
      <line num="22" count="0" type="stmt"/>
      <line num="23" count="0" type="stmt"/>
      <line num="24" count="0" type="stmt"/>
      <line num="25" count="0" type="stmt"/>
      <line num="26" count="0" type="stmt"/>
      <line num="33" count="0" type="stmt"/>
      <line num="34" count="0" type="stmt"/>
      <line num="35" count="0" type="stmt"/>
      <line num="42" count="0" type="stmt"/>
      <line num="51" count="0" type="stmt"/>
      <line num="55" count="0" type="stmt"/>
      <line num="62" count="0" type="stmt"/>
      <line num="69" count="0" type="stmt"/>
      <line num="73" count="0" type="stmt"/>
      <line num="82" count="0" type="stmt"/>
      <line num="95" count="0" type="stmt"/>
      <line num="104" count="0" type="stmt"/>
      <line num="115" count="0" type="stmt"/>
      <line num="127" count="0" type="stmt"/>
      <line num="134" count="0" type="stmt"/>
      <line num="147" count="0" type="cond" truecount="0" falsecount="2"/>
      <line num="158" count="0" type="stmt"/>
      <line num="159" count="0" type="stmt"/>
      <line num="160" count="0" type="stmt"/>
      <line num="161" count="0" type="cond" truecount="0" falsecount="2"/>
      <line num="162" count="0" type="stmt"/>
      <line num="165" count="0" type="cond" truecount="0" falsecount="4"/>
      <line num="166" count="0" type="stmt"/>
      <line num="167" count="0" type="stmt"/>
      <line num="168" count="0" type="stmt"/>
      <line num="169" count="0" type="stmt"/>
      <line num="171" count="0" type="stmt"/>
      <line num="182" count="0" type="cond" truecount="0" falsecount="2"/>
      <line num="183" count="0" type="stmt"/>
      <line num="184" count="0" type="stmt"/>
      <line num="189" count="1" type="stmt"/>
    </file>
    <file name="HttpTicketRequest.js" path="/Users/aronesusau/Desktop/Zendesk-Coding-Challange/src/modules/HttpTicketRequest.js">
      <metrics statements="45" coveredstatements="45" conditionals="14" coveredconditionals="13" methods="12" coveredmethods="12"/>
      <line num="2" count="1" type="stmt"/>
      <line num="3" count="1" type="stmt"/>
      <line num="4" count="1" type="stmt"/>
      <line num="5" count="1" type="stmt"/>
      <line num="6" count="1" type="stmt"/>
      <line num="8" count="1" type="cond" truecount="1" falsecount="1"/>
      <line num="15" count="16" type="stmt"/>
      <line num="16" count="16" type="stmt"/>
      <line num="17" count="16" type="stmt"/>
      <line num="26" count="10" type="stmt"/>
      <line num="28" count="10" type="stmt"/>
      <line num="37" count="15" type="cond" truecount="2" falsecount="0"/>
      <line num="38" count="10" type="stmt"/>
      <line num="39" count="10" type="cond" truecount="4" falsecount="0"/>
      <line num="41" count="5" type="stmt"/>
      <line num="42" count="5" type="stmt"/>
      <line num="44" count="1" type="stmt"/>
      <line num="45" count="1" type="stmt"/>
      <line num="47" count="2" type="stmt"/>
      <line num="48" count="2" type="stmt"/>
      <line num="50" count="2" type="stmt"/>
      <line num="54" count="15" type="stmt"/>
      <line num="64" count="12" type="stmt"/>
      <line num="65" count="12" type="stmt"/>
      <line num="66" count="12" type="stmt"/>
      <line num="67" count="12" type="stmt"/>
      <line num="77" count="3" type="stmt"/>
      <line num="78" count="128" type="stmt"/>
      <line num="91" count="3" type="cond" truecount="2" falsecount="0"/>
      <line num="92" count="1" type="stmt"/>
      <line num="94" count="2" type="stmt"/>
      <line num="98" count="3" type="stmt"/>
      <line num="99" count="3" type="cond" truecount="2" falsecount="0"/>
      <line num="100" count="1" type="stmt"/>
      <line num="103" count="2" type="stmt"/>
      <line num="104" count="2" type="stmt"/>
      <line num="105" count="2" type="stmt"/>
      <line num="106" count="2" type="stmt"/>
      <line num="107" count="2" type="stmt"/>
      <line num="119" count="3" type="stmt"/>
      <line num="120" count="3" type="stmt"/>
      <line num="121" count="3" type="cond" truecount="2" falsecount="0"/>
      <line num="128" count="5" type="stmt"/>
      <line num="137" count="6" type="stmt"/>
      <line num="141" count="1" type="stmt"/>
    </file>
    <file name="LoginCredentials.js" path="/Users/aronesusau/Desktop/Zendesk-Coding-Challange/src/modules/LoginCredentials.js">
      <metrics statements="6" coveredstatements="6" conditionals="4" coveredconditionals="4" methods="1" coveredmethods="1"/>
      <line num="11" count="28" type="cond" truecount="2" falsecount="0"/>
      <line num="12" count="28" type="cond" truecount="2" falsecount="0"/>
      <line num="13" count="28" type="stmt"/>
      <line num="14" count="28" type="stmt"/>
      <line num="15" count="28" type="stmt"/>
      <line num="19" count="2" type="stmt"/>
    </file>
    <file name="Ticket.js" path="/Users/aronesusau/Desktop/Zendesk-Coding-Challange/src/modules/Ticket.js">
      <metrics statements="14" coveredstatements="14" conditionals="10" coveredconditionals="10" methods="3" coveredmethods="3"/>
      <line num="10" count="137" type="stmt"/>
      <line num="11" count="137" type="cond" truecount="2" falsecount="0"/>
      <line num="12" count="137" type="cond" truecount="2" falsecount="0"/>
      <line num="13" count="137" type="cond" truecount="2" falsecount="0"/>
      <line num="14" count="137" type="cond" truecount="2" falsecount="0"/>
      <line num="15" count="137" type="cond" truecount="2" falsecount="0"/>
      <line num="24" count="1" type="stmt"/>
      <line num="25" count="1" type="stmt"/>
      <line num="26" count="1" type="stmt"/>
      <line num="27" count="1" type="stmt"/>
      <line num="29" count="1" type="stmt"/>
      <line num="31" count="1" type="stmt"/>
      <line num="40" count="1" type="stmt"/>
      <line num="54" count="2" type="stmt"/>
    </file>
  </project>
</coverage>
