{"/Users/aronesusau/Desktop/Zendesk-Coding-Challange/src/modules/Display.js": {"path":"/Users/aronesusau/Desktop/Zendesk-Coding-Challange/src/modules/Display.js","statementMap":{"0":{"start":{"line":2,"column":16},"end":{"line":2,"column":34}},"1":{"start":{"line":3,"column":17},"end":{"line":3,"column":41}},"2":{"start":{"line":10,"column":4},"end":{"line":10,"column":27}},"3":{"start":{"line":11,"column":4},"end":{"line":11,"column":32}},"4":{"start":{"line":12,"column":4},"end":{"line":12,"column":28}},"5":{"start":{"line":13,"column":4},"end":{"line":13,"column":30}},"6":{"start":{"line":15,"column":4},"end":{"line":15,"column":26}},"7":{"start":{"line":16,"column":4},"end":{"line":16,"column":27}},"8":{"start":{"line":17,"column":4},"end":{"line":17,"column":24}},"9":{"start":{"line":18,"column":4},"end":{"line":18,"column":30}},"10":{"start":{"line":19,"column":4},"end":{"line":19,"column":27}},"11":{"start":{"line":20,"column":4},"end":{"line":20,"column":29}},"12":{"start":{"line":21,"column":4},"end":{"line":21,"column":30}},"13":{"start":{"line":22,"column":4},"end":{"line":22,"column":28}},"14":{"start":{"line":23,"column":4},"end":{"line":23,"column":31}},"15":{"start":{"line":24,"column":4},"end":{"line":24,"column":28}},"16":{"start":{"line":31,"column":4},"end":{"line":31,"column":74}},"17":{"start":{"line":32,"column":4},"end":{"line":32,"column":69}},"18":{"start":{"line":33,"column":4},"end":{"line":33,"column":75}},"19":{"start":{"line":40,"column":4},"end":{"line":42,"column":5}},"20":{"start":{"line":49,"column":4},"end":{"line":52,"column":5}},"21":{"start":{"line":53,"column":4},"end":{"line":53,"column":67}},"22":{"start":{"line":60,"column":4},"end":{"line":60,"column":76}},"23":{"start":{"line":67,"column":4},"end":{"line":67,"column":77}},"24":{"start":{"line":76,"column":4},"end":{"line":80,"column":5}},"25":{"start":{"line":89,"column":4},"end":{"line":89,"column":83}},"26":{"start":{"line":98,"column":4},"end":{"line":100,"column":6}},"27":{"start":{"line":109,"column":4},"end":{"line":109,"column":75}},"28":{"start":{"line":121,"column":4},"end":{"line":121,"column":47}},"29":{"start":{"line":128,"column":4},"end":{"line":132,"column":5}},"30":{"start":{"line":141,"column":4},"end":{"line":143,"column":86}},"31":{"start":{"line":152,"column":4},"end":{"line":152,"column":25}},"32":{"start":{"line":153,"column":4},"end":{"line":153,"column":22}},"33":{"start":{"line":154,"column":4},"end":{"line":167,"column":6}},"34":{"start":{"line":155,"column":6},"end":{"line":166,"column":7}},"35":{"start":{"line":156,"column":8},"end":{"line":156,"column":45}},"36":{"start":{"line":159,"column":8},"end":{"line":164,"column":9}},"37":{"start":{"line":160,"column":28},"end":{"line":160,"column":72}},"38":{"start":{"line":161,"column":30},"end":{"line":161,"column":69}},"39":{"start":{"line":162,"column":10},"end":{"line":162,"column":87}},"40":{"start":{"line":163,"column":10},"end":{"line":163,"column":28}},"41":{"start":{"line":165,"column":8},"end":{"line":165,"column":45}},"42":{"start":{"line":176,"column":4},"end":{"line":179,"column":5}},"43":{"start":{"line":177,"column":6},"end":{"line":177,"column":27}},"44":{"start":{"line":178,"column":6},"end":{"line":178,"column":46}},"45":{"start":{"line":183,"column":0},"end":{"line":183,"column":24}}},"fnMap":{"0":{"name":"(anonymous_0)","decl":{"start":{"line":9,"column":2},"end":{"line":9,"column":3}},"loc":{"start":{"line":9,"column":16},"end":{"line":25,"column":3}},"line":9},"1":{"name":"(anonymous_1)","decl":{"start":{"line":30,"column":2},"end":{"line":30,"column":3}},"loc":{"start":{"line":30,"column":9},"end":{"line":34,"column":3}},"line":30},"2":{"name":"(anonymous_2)","decl":{"start":{"line":39,"column":2},"end":{"line":39,"column":3}},"loc":{"start":{"line":39,"column":19},"end":{"line":43,"column":3}},"line":39},"3":{"name":"(anonymous_3)","decl":{"start":{"line":48,"column":2},"end":{"line":48,"column":3}},"loc":{"start":{"line":48,"column":19},"end":{"line":54,"column":3}},"line":48},"4":{"name":"(anonymous_4)","decl":{"start":{"line":59,"column":2},"end":{"line":59,"column":3}},"loc":{"start":{"line":59,"column":24},"end":{"line":61,"column":3}},"line":59},"5":{"name":"(anonymous_5)","decl":{"start":{"line":66,"column":2},"end":{"line":66,"column":3}},"loc":{"start":{"line":66,"column":19},"end":{"line":68,"column":3}},"line":66},"6":{"name":"(anonymous_6)","decl":{"start":{"line":75,"column":2},"end":{"line":75,"column":3}},"loc":{"start":{"line":75,"column":20},"end":{"line":81,"column":3}},"line":75},"7":{"name":"(anonymous_7)","decl":{"start":{"line":88,"column":2},"end":{"line":88,"column":3}},"loc":{"start":{"line":88,"column":16},"end":{"line":90,"column":3}},"line":88},"8":{"name":"(anonymous_8)","decl":{"start":{"line":97,"column":2},"end":{"line":97,"column":3}},"loc":{"start":{"line":97,"column":16},"end":{"line":101,"column":3}},"line":97},"9":{"name":"(anonymous_9)","decl":{"start":{"line":108,"column":2},"end":{"line":108,"column":3}},"loc":{"start":{"line":108,"column":16},"end":{"line":110,"column":3}},"line":108},"10":{"name":"(anonymous_10)","decl":{"start":{"line":120,"column":2},"end":{"line":120,"column":3}},"loc":{"start":{"line":120,"column":36},"end":{"line":122,"column":3}},"line":120},"11":{"name":"(anonymous_11)","decl":{"start":{"line":127,"column":2},"end":{"line":127,"column":3}},"loc":{"start":{"line":127,"column":16},"end":{"line":133,"column":3}},"line":127},"12":{"name":"(anonymous_12)","decl":{"start":{"line":140,"column":2},"end":{"line":140,"column":3}},"loc":{"start":{"line":140,"column":37},"end":{"line":144,"column":3}},"line":140},"13":{"name":"(anonymous_13)","decl":{"start":{"line":151,"column":2},"end":{"line":151,"column":3}},"loc":{"start":{"line":151,"column":32},"end":{"line":168,"column":3}},"line":151},"14":{"name":"(anonymous_14)","decl":{"start":{"line":154,"column":24},"end":{"line":154,"column":25}},"loc":{"start":{"line":154,"column":49},"end":{"line":167,"column":5}},"line":154},"15":{"name":"(anonymous_15)","decl":{"start":{"line":175,"column":2},"end":{"line":175,"column":3}},"loc":{"start":{"line":175,"column":29},"end":{"line":180,"column":3}},"line":175}},"branchMap":{"0":{"loc":{"start":{"line":141,"column":4},"end":{"line":143,"column":86}},"type":"cond-expr","locations":[{"start":{"line":142,"column":8},"end":{"line":142,"column":84}},{"start":{"line":143,"column":8},"end":{"line":143,"column":86}}],"line":141},"1":{"loc":{"start":{"line":155,"column":6},"end":{"line":166,"column":7}},"type":"if","locations":[{"start":{"line":155,"column":6},"end":{"line":166,"column":7}},{"start":{"line":155,"column":6},"end":{"line":166,"column":7}}],"line":155},"2":{"loc":{"start":{"line":159,"column":8},"end":{"line":164,"column":9}},"type":"if","locations":[{"start":{"line":159,"column":8},"end":{"line":164,"column":9}},{"start":{"line":159,"column":8},"end":{"line":164,"column":9}}],"line":159},"3":{"loc":{"start":{"line":159,"column":12},"end":{"line":159,"column":59}},"type":"binary-expr","locations":[{"start":{"line":159,"column":12},"end":{"line":159,"column":45}},{"start":{"line":159,"column":49},"end":{"line":159,"column":59}}],"line":159},"4":{"loc":{"start":{"line":176,"column":4},"end":{"line":179,"column":5}},"type":"if","locations":[{"start":{"line":176,"column":4},"end":{"line":179,"column":5}},{"start":{"line":176,"column":4},"end":{"line":179,"column":5}}],"line":176}},"s":{"0":1,"1":1,"2":0,"3":0,"4":0,"5":0,"6":0,"7":0,"8":0,"9":0,"10":0,"11":0,"12":0,"13":0,"14":0,"15":0,"16":0,"17":0,"18":0,"19":0,"20":0,"21":0,"22":0,"23":0,"24":0,"25":0,"26":0,"27":0,"28":0,"29":0,"30":0,"31":0,"32":0,"33":0,"34":0,"35":0,"36":0,"37":0,"38":0,"39":0,"40":0,"41":0,"42":0,"43":0,"44":0,"45":1},"f":{"0":0,"1":0,"2":0,"3":0,"4":0,"5":0,"6":0,"7":0,"8":0,"9":0,"10":0,"11":0,"12":0,"13":0,"14":0,"15":0},"b":{"0":[0,0],"1":[0,0],"2":[0,0],"3":[0,0],"4":[0,0]},"_coverageSchema":"43e27e138ebf9cfc5966b082cf9a028302ed4184","hash":"59ce2c6cbe61073d40de1b1f594e6c485628899d"}
,"/Users/aronesusau/Desktop/Zendesk-Coding-Challange/src/modules/HttpTicketRequest.js": {"path":"/Users/aronesusau/Desktop/Zendesk-Coding-Challange/src/modules/HttpTicketRequest.js","statementMap":{"0":{"start":{"line":2,"column":14},"end":{"line":2,"column":35}},"1":{"start":{"line":3,"column":21},"end":{"line":3,"column":45}},"2":{"start":{"line":4,"column":25},"end":{"line":4,"column":54}},"3":{"start":{"line":5,"column":15},"end":{"line":5,"column":34}},"4":{"start":{"line":6,"column":16},"end":{"line":6,"column":34}},"5":{"start":{"line":8,"column":0},"end":{"line":8,"column":81}},"6":{"start":{"line":15,"column":4},"end":{"line":15,"column":23}},"7":{"start":{"line":16,"column":4},"end":{"line":16,"column":21}},"8":{"start":{"line":17,"column":4},"end":{"line":17,"column":17}},"9":{"start":{"line":26,"column":4},"end":{"line":28,"column":36}},"10":{"start":{"line":28,"column":22},"end":{"line":28,"column":35}},"11":{"start":{"line":37,"column":4},"end":{"line":52,"column":5}},"12":{"start":{"line":38,"column":6},"end":{"line":38,"column":48}},"13":{"start":{"line":39,"column":6},"end":{"line":51,"column":7}},"14":{"start":{"line":41,"column":10},"end":{"line":41,"column":80}},"15":{"start":{"line":42,"column":10},"end":{"line":42,"column":15}},"16":{"start":{"line":44,"column":10},"end":{"line":44,"column":71}},"17":{"start":{"line":45,"column":10},"end":{"line":45,"column":15}},"18":{"start":{"line":47,"column":10},"end":{"line":47,"column":72}},"19":{"start":{"line":48,"column":10},"end":{"line":48,"column":15}},"20":{"start":{"line":50,"column":10},"end":{"line":50,"column":53}},"21":{"start":{"line":54,"column":4},"end":{"line":54,"column":19}},"22":{"start":{"line":64,"column":4},"end":{"line":64,"column":57}},"23":{"start":{"line":65,"column":4},"end":{"line":65,"column":37}},"24":{"start":{"line":66,"column":4},"end":{"line":66,"column":70}},"25":{"start":{"line":67,"column":4},"end":{"line":67,"column":41}},"26":{"start":{"line":77,"column":4},"end":{"line":79,"column":6}},"27":{"start":{"line":78,"column":6},"end":{"line":78,"column":37}},"28":{"start":{"line":90,"column":4},"end":{"line":90,"column":68}},"29":{"start":{"line":93,"column":4},"end":{"line":97,"column":5}},"30":{"start":{"line":94,"column":6},"end":{"line":94,"column":24}},"31":{"start":{"line":96,"column":6},"end":{"line":96,"column":32}},"32":{"start":{"line":100,"column":22},"end":{"line":100,"column":55}},"33":{"start":{"line":101,"column":4},"end":{"line":110,"column":5}},"34":{"start":{"line":102,"column":6},"end":{"line":102,"column":17}},"35":{"start":{"line":105,"column":19},"end":{"line":105,"column":58}},"36":{"start":{"line":106,"column":6},"end":{"line":106,"column":45}},"37":{"start":{"line":107,"column":6},"end":{"line":107,"column":53}},"38":{"start":{"line":108,"column":6},"end":{"line":108,"column":38}},"39":{"start":{"line":109,"column":6},"end":{"line":109,"column":19}},"40":{"start":{"line":121,"column":4},"end":{"line":121,"column":68}},"41":{"start":{"line":122,"column":4},"end":{"line":122,"column":40}},"42":{"start":{"line":123,"column":22},"end":{"line":123,"column":55}},"43":{"start":{"line":124,"column":4},"end":{"line":124,"column":68}},"44":{"start":{"line":131,"column":4},"end":{"line":131,"column":80}},"45":{"start":{"line":140,"column":4},"end":{"line":140,"column":73}},"46":{"start":{"line":144,"column":0},"end":{"line":144,"column":34}}},"fnMap":{"0":{"name":"(anonymous_0)","decl":{"start":{"line":8,"column":68},"end":{"line":8,"column":69}},"loc":{"start":{"line":8,"column":79},"end":{"line":8,"column":81}},"line":8},"1":{"name":"(anonymous_1)","decl":{"start":{"line":14,"column":2},"end":{"line":14,"column":3}},"loc":{"start":{"line":14,"column":16},"end":{"line":18,"column":3}},"line":14},"2":{"name":"(anonymous_2)","decl":{"start":{"line":25,"column":2},"end":{"line":25,"column":3}},"loc":{"start":{"line":25,"column":31},"end":{"line":29,"column":3}},"line":25},"3":{"name":"(anonymous_3)","decl":{"start":{"line":28,"column":12},"end":{"line":28,"column":13}},"loc":{"start":{"line":28,"column":22},"end":{"line":28,"column":35}},"line":28},"4":{"name":"(anonymous_4)","decl":{"start":{"line":36,"column":2},"end":{"line":36,"column":3}},"loc":{"start":{"line":36,"column":26},"end":{"line":55,"column":3}},"line":36},"5":{"name":"(anonymous_5)","decl":{"start":{"line":63,"column":2},"end":{"line":63,"column":3}},"loc":{"start":{"line":63,"column":52},"end":{"line":68,"column":3}},"line":63},"6":{"name":"(anonymous_6)","decl":{"start":{"line":76,"column":2},"end":{"line":76,"column":3}},"loc":{"start":{"line":76,"column":29},"end":{"line":80,"column":3}},"line":76},"7":{"name":"(anonymous_7)","decl":{"start":{"line":77,"column":27},"end":{"line":77,"column":28}},"loc":{"start":{"line":77,"column":43},"end":{"line":79,"column":5}},"line":77},"8":{"name":"(anonymous_8)","decl":{"start":{"line":89,"column":2},"end":{"line":89,"column":3}},"loc":{"start":{"line":89,"column":36},"end":{"line":111,"column":3}},"line":89},"9":{"name":"(anonymous_9)","decl":{"start":{"line":120,"column":2},"end":{"line":120,"column":3}},"loc":{"start":{"line":120,"column":37},"end":{"line":125,"column":3}},"line":120},"10":{"name":"(anonymous_10)","decl":{"start":{"line":130,"column":2},"end":{"line":130,"column":3}},"loc":{"start":{"line":130,"column":24},"end":{"line":132,"column":3}},"line":130},"11":{"name":"(anonymous_11)","decl":{"start":{"line":139,"column":2},"end":{"line":139,"column":3}},"loc":{"start":{"line":139,"column":28},"end":{"line":141,"column":3}},"line":139}},"branchMap":{"0":{"loc":{"start":{"line":8,"column":14},"end":{"line":8,"column":81}},"type":"cond-expr","locations":[{"start":{"line":8,"column":47},"end":{"line":8,"column":65}},{"start":{"line":8,"column":68},"end":{"line":8,"column":81}}],"line":8},"1":{"loc":{"start":{"line":37,"column":4},"end":{"line":52,"column":5}},"type":"if","locations":[{"start":{"line":37,"column":4},"end":{"line":52,"column":5}},{"start":{"line":37,"column":4},"end":{"line":52,"column":5}}],"line":37},"2":{"loc":{"start":{"line":39,"column":6},"end":{"line":51,"column":7}},"type":"switch","locations":[{"start":{"line":40,"column":8},"end":{"line":42,"column":15}},{"start":{"line":43,"column":8},"end":{"line":45,"column":15}},{"start":{"line":46,"column":8},"end":{"line":48,"column":15}},{"start":{"line":49,"column":8},"end":{"line":50,"column":53}}],"line":39},"3":{"loc":{"start":{"line":93,"column":4},"end":{"line":97,"column":5}},"type":"if","locations":[{"start":{"line":93,"column":4},"end":{"line":97,"column":5}},{"start":{"line":93,"column":4},"end":{"line":97,"column":5}}],"line":93},"4":{"loc":{"start":{"line":101,"column":4},"end":{"line":110,"column":5}},"type":"if","locations":[{"start":{"line":101,"column":4},"end":{"line":110,"column":5}},{"start":{"line":101,"column":4},"end":{"line":110,"column":5}}],"line":101},"5":{"loc":{"start":{"line":124,"column":11},"end":{"line":124,"column":68}},"type":"cond-expr","locations":[{"start":{"line":124,"column":31},"end":{"line":124,"column":35}},{"start":{"line":124,"column":38},"end":{"line":124,"column":68}}],"line":124}},"s":{"0":1,"1":1,"2":1,"3":1,"4":1,"5":1,"6":16,"7":16,"8":16,"9":10,"10":10,"11":15,"12":10,"13":10,"14":5,"15":5,"16":1,"17":1,"18":2,"19":2,"20":2,"21":15,"22":12,"23":12,"24":12,"25":12,"26":3,"27":128,"28":3,"29":3,"30":1,"31":2,"32":3,"33":3,"34":1,"35":2,"36":2,"37":2,"38":2,"39":2,"40":3,"41":3,"42":3,"43":3,"44":5,"45":6,"46":1},"f":{"0":26,"1":16,"2":10,"3":10,"4":15,"5":12,"6":3,"7":128,"8":3,"9":3,"10":5,"11":6},"b":{"0":[0,1],"1":[10,5],"2":[5,1,2,2],"3":[1,2],"4":[1,2],"5":[2,1]},"_coverageSchema":"43e27e138ebf9cfc5966b082cf9a028302ed4184","hash":"1acf16d9a9958a03893c64393eff66ceebd2c913"}
,"/Users/aronesusau/Desktop/Zendesk-Coding-Challange/src/modules/LoginCredentials.js": {"path":"/Users/aronesusau/Desktop/Zendesk-Coding-Challange/src/modules/LoginCredentials.js","statementMap":{"0":{"start":{"line":11,"column":4},"end":{"line":11,"column":58}},"1":{"start":{"line":12,"column":4},"end":{"line":12,"column":58}},"2":{"start":{"line":13,"column":4},"end":{"line":13,"column":28}},"3":{"start":{"line":14,"column":4},"end":{"line":14,"column":28}},"4":{"start":{"line":15,"column":4},"end":{"line":15,"column":75}},"5":{"start":{"line":19,"column":0},"end":{"line":19,"column":33}}},"fnMap":{"0":{"name":"(anonymous_0)","decl":{"start":{"line":10,"column":2},"end":{"line":10,"column":3}},"loc":{"start":{"line":10,"column":34},"end":{"line":16,"column":3}},"line":10}},"branchMap":{"0":{"loc":{"start":{"line":11,"column":15},"end":{"line":11,"column":58}},"type":"cond-expr","locations":[{"start":{"line":11,"column":45},"end":{"line":11,"column":53}},{"start":{"line":11,"column":56},"end":{"line":11,"column":58}}],"line":11},"1":{"loc":{"start":{"line":12,"column":15},"end":{"line":12,"column":58}},"type":"cond-expr","locations":[{"start":{"line":12,"column":45},"end":{"line":12,"column":53}},{"start":{"line":12,"column":56},"end":{"line":12,"column":58}}],"line":12}},"s":{"0":28,"1":28,"2":28,"3":28,"4":28,"5":2},"f":{"0":28},"b":{"0":[21,7],"1":[21,7]},"_coverageSchema":"43e27e138ebf9cfc5966b082cf9a028302ed4184","hash":"ff8f25e6d2203317cf3f3944a8d51e4d8147768b"}
,"/Users/aronesusau/Desktop/Zendesk-Coding-Challange/src/modules/Ticket.js": {"path":"/Users/aronesusau/Desktop/Zendesk-Coding-Challange/src/modules/Ticket.js","statementMap":{"0":{"start":{"line":10,"column":23},"end":{"line":10,"column":36}},"1":{"start":{"line":11,"column":4},"end":{"line":11,"column":50}},"2":{"start":{"line":12,"column":4},"end":{"line":12,"column":28}},"3":{"start":{"line":13,"column":4},"end":{"line":13,"column":43}},"4":{"start":{"line":14,"column":4},"end":{"line":14,"column":51}},"5":{"start":{"line":15,"column":4},"end":{"line":15,"column":47}},"6":{"start":{"line":24,"column":15},"end":{"line":24,"column":34}},"7":{"start":{"line":25,"column":23},"end":{"line":25,"column":52}},"8":{"start":{"line":26,"column":20},"end":{"line":26,"column":63}},"9":{"start":{"line":27,"column":27},"end":{"line":27,"column":51}},"10":{"start":{"line":29,"column":6},"end":{"line":29,"column":78}},"11":{"start":{"line":31,"column":4},"end":{"line":31,"column":52}},"12":{"start":{"line":40,"column":4},"end":{"line":50,"column":5}},"13":{"start":{"line":54,"column":0},"end":{"line":54,"column":23}}},"fnMap":{"0":{"name":"(anonymous_0)","decl":{"start":{"line":9,"column":2},"end":{"line":9,"column":3}},"loc":{"start":{"line":9,"column":22},"end":{"line":16,"column":3}},"line":9},"1":{"name":"(anonymous_1)","decl":{"start":{"line":23,"column":2},"end":{"line":23,"column":3}},"loc":{"start":{"line":23,"column":20},"end":{"line":32,"column":3}},"line":23},"2":{"name":"(anonymous_2)","decl":{"start":{"line":39,"column":2},"end":{"line":39,"column":3}},"loc":{"start":{"line":39,"column":23},"end":{"line":51,"column":3}},"line":39}},"branchMap":{"0":{"loc":{"start":{"line":11,"column":13},"end":{"line":11,"column":50}},"type":"cond-expr","locations":[{"start":{"line":11,"column":39},"end":{"line":11,"column":45}},{"start":{"line":11,"column":48},"end":{"line":11,"column":50}}],"line":11},"1":{"loc":{"start":{"line":12,"column":14},"end":{"line":12,"column":28}},"type":"binary-expr","locations":[{"start":{"line":12,"column":14},"end":{"line":12,"column":23}},{"start":{"line":12,"column":27},"end":{"line":12,"column":28}}],"line":12},"2":{"loc":{"start":{"line":13,"column":19},"end":{"line":13,"column":43}},"type":"binary-expr","locations":[{"start":{"line":13,"column":19},"end":{"line":13,"column":33}},{"start":{"line":13,"column":37},"end":{"line":13,"column":43}}],"line":13},"3":{"loc":{"start":{"line":14,"column":23},"end":{"line":14,"column":51}},"type":"binary-expr","locations":[{"start":{"line":14,"column":23},"end":{"line":14,"column":41}},{"start":{"line":14,"column":45},"end":{"line":14,"column":51}}],"line":14},"4":{"loc":{"start":{"line":15,"column":23},"end":{"line":15,"column":47}},"type":"binary-expr","locations":[{"start":{"line":15,"column":23},"end":{"line":15,"column":42}},{"start":{"line":15,"column":46},"end":{"line":15,"column":47}}],"line":15}},"s":{"0":137,"1":137,"2":137,"3":137,"4":137,"5":137,"6":1,"7":1,"8":1,"9":1,"10":1,"11":1,"12":1,"13":2},"f":{"0":137,"1":1,"2":1},"b":{"0":[131,6],"1":[137,10],"2":[137,10],"3":[137,10],"4":[137,10]},"_coverageSchema":"43e27e138ebf9cfc5966b082cf9a028302ed4184","hash":"0329277d37c159ad9fb669b1f3394da598388286"}
}
