TN:
SF:/Users/aronesusau/Desktop/Zendesk-Coding-Challange/src/modules/Display.js
FN:9,(anonymous_0)
FN:30,(anonymous_1)
FN:39,(anonymous_2)
FN:48,(anonymous_3)
FN:59,(anonymous_4)
FN:66,(anonymous_5)
FN:75,(anonymous_6)
FN:88,(anonymous_7)
FN:97,(anonymous_8)
FN:108,(anonymous_9)
FN:120,(anonymous_10)
FN:127,(anonymous_11)
FN:140,(anonymous_12)
FN:151,(anonymous_13)
FN:154,(anonymous_14)
FN:175,(anonymous_15)
FNF:16
FNH:0
FNDA:0,(anonymous_0)
FNDA:0,(anonymous_1)
FNDA:0,(anonymous_2)
FNDA:0,(anonymous_3)
FNDA:0,(anonymous_4)
FNDA:0,(anonymous_5)
FNDA:0,(anonymous_6)
FNDA:0,(anonymous_7)
FNDA:0,(anonymous_8)
FNDA:0,(anonymous_9)
FNDA:0,(anonymous_10)
FNDA:0,(anonymous_11)
FNDA:0,(anonymous_12)
FNDA:0,(anonymous_13)
FNDA:0,(anonymous_14)
FNDA:0,(anonymous_15)
DA:2,1
DA:3,1
DA:10,0
DA:11,0
DA:12,0
DA:13,0
DA:15,0
DA:16,0
DA:17,0
DA:18,0
DA:19,0
DA:20,0
DA:21,0
DA:22,0
DA:23,0
DA:24,0
DA:31,0
DA:32,0
DA:33,0
DA:40,0
DA:49,0
DA:53,0
DA:60,0
DA:67,0
DA:76,0
DA:89,0
DA:98,0
DA:109,0
DA:121,0
DA:128,0
DA:141,0
DA:152,0
DA:153,0
DA:154,0
DA:155,0
DA:156,0
DA:159,0
DA:160,0
DA:161,0
DA:162,0
DA:163,0
DA:165,0
DA:176,0
DA:177,0
DA:178,0
DA:183,1
LF:46
LH:3
BRDA:141,0,0,0
BRDA:141,0,1,0
BRDA:155,1,0,0
BRDA:155,1,1,0
BRDA:159,2,0,0
BRDA:159,2,1,0
BRDA:159,3,0,0
BRDA:159,3,1,0
BRDA:176,4,0,0
BRDA:176,4,1,0
BRF:10
BRH:0
end_of_record
TN:
SF:/Users/aronesusau/Desktop/Zendesk-Coding-Challange/src/modules/HttpTicketRequest.js
FN:8,(anonymous_0)
FN:14,(anonymous_1)
FN:25,(anonymous_2)
FN:28,(anonymous_3)
FN:36,(anonymous_4)
FN:63,(anonymous_5)
FN:76,(anonymous_6)
FN:77,(anonymous_7)
FN:89,(anonymous_8)
FN:120,(anonymous_9)
FN:130,(anonymous_10)
FN:139,(anonymous_11)
FNF:12
FNH:12
FNDA:26,(anonymous_0)
FNDA:16,(anonymous_1)
FNDA:10,(anonymous_2)
FNDA:10,(anonymous_3)
FNDA:15,(anonymous_4)
FNDA:12,(anonymous_5)
FNDA:3,(anonymous_6)
FNDA:128,(anonymous_7)
FNDA:3,(anonymous_8)
FNDA:3,(anonymous_9)
FNDA:5,(anonymous_10)
FNDA:6,(anonymous_11)
DA:2,1
DA:3,1
DA:4,1
DA:5,1
DA:6,1
DA:8,1
DA:15,16
DA:16,16
DA:17,16
DA:26,10
DA:28,10
DA:37,15
DA:38,10
DA:39,10
DA:41,5
DA:42,5
DA:44,1
DA:45,1
DA:47,2
DA:48,2
DA:50,2
DA:54,15
DA:64,12
DA:65,12
DA:66,12
DA:67,12
DA:77,3
DA:78,128
DA:90,3
DA:93,3
DA:94,1
DA:96,2
DA:100,3
DA:101,3
DA:102,1
DA:105,2
DA:106,2
DA:107,2
DA:108,2
DA:109,2
DA:121,3
DA:122,3
DA:123,3
DA:124,3
DA:131,5
DA:140,6
DA:144,1
LF:47
LH:47
BRDA:8,0,0,0
BRDA:8,0,1,1
BRDA:37,1,0,10
BRDA:37,1,1,5
BRDA:39,2,0,5
BRDA:39,2,1,1
BRDA:39,2,2,2
BRDA:39,2,3,2
BRDA:93,3,0,1
BRDA:93,3,1,2
BRDA:101,4,0,1
BRDA:101,4,1,2
BRDA:124,5,0,2
BRDA:124,5,1,1
BRF:14
BRH:13
end_of_record
TN:
SF:/Users/aronesusau/Desktop/Zendesk-Coding-Challange/src/modules/LoginCredentials.js
FN:10,(anonymous_0)
FNF:1
FNH:1
FNDA:28,(anonymous_0)
DA:11,28
DA:12,28
DA:13,28
DA:14,28
DA:15,28
DA:19,2
LF:6
LH:6
BRDA:11,0,0,21
BRDA:11,0,1,7
BRDA:12,1,0,21
BRDA:12,1,1,7
BRF:4
BRH:4
end_of_record
TN:
SF:/Users/aronesusau/Desktop/Zendesk-Coding-Challange/src/modules/Ticket.js
FN:9,(anonymous_0)
FN:23,(anonymous_1)
FN:39,(anonymous_2)
FNF:3
FNH:3
FNDA:137,(anonymous_0)
FNDA:1,(anonymous_1)
FNDA:1,(anonymous_2)
DA:10,137
DA:11,137
DA:12,137
DA:13,137
DA:14,137
DA:15,137
DA:24,1
DA:25,1
DA:26,1
DA:27,1
DA:29,1
DA:31,1
DA:40,1
DA:54,2
LF:14
LH:14
BRDA:11,0,0,131
BRDA:11,0,1,6
BRDA:12,1,0,137
BRDA:12,1,1,10
BRDA:13,2,0,137
BRDA:13,2,1,10
BRDA:14,3,0,137
BRDA:14,3,1,10
BRDA:15,4,0,137
BRDA:15,4,1,10
BRF:10
BRH:10
end_of_record
