TN:
SF:/Users/aronesusau/Desktop/Zendesk-Coding-Challange/src/modules/Display.js
FN:5,(anonymous_0)
FN:11,(anonymous_1)
FN:32,(anonymous_2)
FN:41,(anonymous_3)
FN:50,(anonymous_4)
FN:61,(anonymous_5)
FN:68,(anonymous_6)
FN:72,(anonymous_7)
FN:81,(anonymous_8)
FN:94,(anonymous_9)
FN:103,(anonymous_10)
FN:114,(anonymous_11)
FN:126,(anonymous_12)
FN:133,(anonymous_13)
FN:146,(anonymous_14)
FN:157,(anonymous_15)
FN:160,(anonymous_16)
FN:181,(anonymous_17)
FNF:18
FNH:0
FNDA:0,(anonymous_0)
FNDA:0,(anonymous_1)
FNDA:0,(anonymous_2)
FNDA:0,(anonymous_3)
FNDA:0,(anonymous_4)
FNDA:0,(anonymous_5)
FNDA:0,(anonymous_6)
FNDA:0,(anonymous_7)
FNDA:0,(anonymous_8)
FNDA:0,(anonymous_9)
FNDA:0,(anonymous_10)
FNDA:0,(anonymous_11)
FNDA:0,(anonymous_12)
FNDA:0,(anonymous_13)
FNDA:0,(anonymous_14)
FNDA:0,(anonymous_15)
FNDA:0,(anonymous_16)
FNDA:0,(anonymous_17)
DA:2,1
DA:3,1
DA:5,1
DA:12,0
DA:13,0
DA:14,0
DA:15,0
DA:17,0
DA:18,0
DA:19,0
DA:20,0
DA:21,0
DA:22,0
DA:23,0
DA:24,0
DA:25,0
DA:26,0
DA:33,0
DA:34,0
DA:35,0
DA:42,0
DA:51,0
DA:55,0
DA:62,0
DA:69,0
DA:73,0
DA:82,0
DA:95,0
DA:104,0
DA:115,0
DA:127,0
DA:134,0
DA:147,0
DA:158,0
DA:159,0
DA:160,0
DA:161,0
DA:162,0
DA:165,0
DA:166,0
DA:167,0
DA:168,0
DA:169,0
DA:171,0
DA:182,0
DA:183,0
DA:184,0
DA:189,1
LF:48
LH:4
BRDA:5,0,0,0
BRDA:5,0,1,1
BRDA:147,1,0,0
BRDA:147,1,1,0
BRDA:161,2,0,0
BRDA:161,2,1,0
BRDA:165,3,0,0
BRDA:165,3,1,0
BRDA:165,4,0,0
BRDA:165,4,1,0
BRDA:182,5,0,0
BRDA:182,5,1,0
BRF:12
BRH:1
end_of_record
TN:
SF:/Users/aronesusau/Desktop/Zendesk-Coding-Challange/src/modules/HttpTicketRequest.js
FN:8,(anonymous_0)
FN:14,(anonymous_1)
FN:25,(anonymous_2)
FN:28,(anonymous_3)
FN:36,(anonymous_4)
FN:63,(anonymous_5)
FN:76,(anonymous_6)
FN:77,(anonymous_7)
FN:89,(anonymous_8)
FN:118,(anonymous_9)
FN:127,(anonymous_10)
FN:136,(anonymous_11)
FNF:12
FNH:12
FNDA:20,(anonymous_0)
FNDA:16,(anonymous_1)
FNDA:10,(anonymous_2)
FNDA:10,(anonymous_3)
FNDA:15,(anonymous_4)
FNDA:12,(anonymous_5)
FNDA:3,(anonymous_6)
FNDA:128,(anonymous_7)
FNDA:3,(anonymous_8)
FNDA:3,(anonymous_9)
FNDA:5,(anonymous_10)
FNDA:6,(anonymous_11)
DA:2,1
DA:3,1
DA:4,1
DA:5,1
DA:6,1
DA:8,1
DA:15,16
DA:16,16
DA:17,16
DA:26,10
DA:28,10
DA:37,15
DA:38,10
DA:39,10
DA:41,5
DA:42,5
DA:44,1
DA:45,1
DA:47,2
DA:48,2
DA:50,2
DA:54,15
DA:64,12
DA:65,12
DA:66,12
DA:67,12
DA:77,3
DA:78,128
DA:91,3
DA:92,1
DA:94,2
DA:98,3
DA:99,3
DA:100,1
DA:103,2
DA:104,2
DA:105,2
DA:106,2
DA:107,2
DA:119,3
DA:120,3
DA:121,3
DA:128,5
DA:137,6
DA:141,1
LF:45
LH:45
BRDA:8,0,0,0
BRDA:8,0,1,1
BRDA:37,1,0,10
BRDA:37,1,1,5
BRDA:39,2,0,5
BRDA:39,2,1,1
BRDA:39,2,2,2
BRDA:39,2,3,2
BRDA:91,3,0,1
BRDA:91,3,1,2
BRDA:99,4,0,1
BRDA:99,4,1,2
BRDA:121,5,0,2
BRDA:121,5,1,1
BRF:14
BRH:13
end_of_record
TN:
SF:/Users/aronesusau/Desktop/Zendesk-Coding-Challange/src/modules/LoginCredentials.js
FN:10,(anonymous_0)
FNF:1
FNH:1
FNDA:28,(anonymous_0)
DA:11,28
DA:12,28
DA:13,28
DA:14,28
DA:15,28
DA:19,2
LF:6
LH:6
BRDA:11,0,0,21
BRDA:11,0,1,7
BRDA:12,1,0,21
BRDA:12,1,1,7
BRF:4
BRH:4
end_of_record
TN:
SF:/Users/aronesusau/Desktop/Zendesk-Coding-Challange/src/modules/Ticket.js
FN:9,(anonymous_0)
FN:23,(anonymous_1)
FN:39,(anonymous_2)
FNF:3
FNH:3
FNDA:137,(anonymous_0)
FNDA:1,(anonymous_1)
FNDA:1,(anonymous_2)
DA:10,137
DA:11,137
DA:12,137
DA:13,137
DA:14,137
DA:15,137
DA:24,1
DA:25,1
DA:26,1
DA:27,1
DA:29,1
DA:31,1
DA:40,1
DA:54,2
LF:14
LH:14
BRDA:11,0,0,131
BRDA:11,0,1,6
BRDA:12,1,0,137
BRDA:12,1,1,10
BRDA:13,2,0,137
BRDA:13,2,1,10
BRDA:14,3,0,137
BRDA:14,3,1,10
BRDA:15,4,0,137
BRDA:15,4,1,10
BRF:10
BRH:10
end_of_record
